[17-Apr-2025 04:45:06 Europe/Berlin] ID del repuesto no proporcionado
[17-Apr-2025 04:45:07 Europe/Berlin] ID del repuesto no proporcionado
[17-Apr-2025 04:45:07 Europe/Berlin] ID del repuesto no proporcionado
[17-Apr-2025 04:53:24 Europe/Berlin] PHP Fatal error:  Uncaught TypeError: json_decode(): Argument #1 ($json) must be of type string, array given in C:\Users\acer\Desktop\xampp\htdocs\repuestos-api\inventario\repuestos_i.php:229
Stack trace:
#0 C:\Users\acer\Desktop\xampp\htdocs\repuestos-api\inventario\repuestos_i.php(229): json_decode(Array, true)
#1 {main}
  thrown in C:\Users\acer\Desktop\xampp\htdocs\repuestos-api\inventario\repuestos_i.php on line 229
[17-Apr-2025 04:56:41 Europe/Berlin] PHP Fatal error:  Uncaught TypeError: json_decode(): Argument #1 ($json) must be of type string, array given in C:\Users\acer\Desktop\xampp\htdocs\repuestos-api\inventario\repuestos_i.php:227
Stack trace:
#0 C:\Users\acer\Desktop\xampp\htdocs\repuestos-api\inventario\repuestos_i.php(227): json_decode(Array, true)
#1 {main}
  thrown in C:\Users\acer\Desktop\xampp\htdocs\repuestos-api\inventario\repuestos_i.php on line 227
[17-Apr-2025 04:56:42 Europe/Berlin] PHP Fatal error:  Uncaught TypeError: json_decode(): Argument #1 ($json) must be of type string, array given in C:\Users\acer\Desktop\xampp\htdocs\repuestos-api\inventario\repuestos_i.php:227
Stack trace:
#0 C:\Users\acer\Desktop\xampp\htdocs\repuestos-api\inventario\repuestos_i.php(227): json_decode(Array, true)
#1 {main}
  thrown in C:\Users\acer\Desktop\xampp\htdocs\repuestos-api\inventario\repuestos_i.php on line 227
[17-Apr-2025 04:56:46 Europe/Berlin] PHP Fatal error:  Uncaught TypeError: json_decode(): Argument #1 ($json) must be of type string, array given in C:\Users\acer\Desktop\xampp\htdocs\repuestos-api\inventario\repuestos_i.php:227
Stack trace:
#0 C:\Users\acer\Desktop\xampp\htdocs\repuestos-api\inventario\repuestos_i.php(227): json_decode(Array, true)
#1 {main}
  thrown in C:\Users\acer\Desktop\xampp\htdocs\repuestos-api\inventario\repuestos_i.php on line 227
[17-Apr-2025 05:01:09 Europe/Berlin] PHP Fatal error:  Uncaught TypeError: json_decode(): Argument #1 ($json) must be of type string, array given in C:\Users\acer\Desktop\xampp\htdocs\repuestos-api\inventario\repuestos_i.php:238
Stack trace:
#0 C:\Users\acer\Desktop\xampp\htdocs\repuestos-api\inventario\repuestos_i.php(238): json_decode(Array, true)
#1 {main}
  thrown in C:\Users\acer\Desktop\xampp\htdocs\repuestos-api\inventario\repuestos_i.php on line 238
[17-Apr-2025 05:01:10 Europe/Berlin] PHP Fatal error:  Uncaught TypeError: json_decode(): Argument #1 ($json) must be of type string, array given in C:\Users\acer\Desktop\xampp\htdocs\repuestos-api\inventario\repuestos_i.php:238
Stack trace:
#0 C:\Users\acer\Desktop\xampp\htdocs\repuestos-api\inventario\repuestos_i.php(238): json_decode(Array, true)
#1 {main}
  thrown in C:\Users\acer\Desktop\xampp\htdocs\repuestos-api\inventario\repuestos_i.php on line 238
[17-Apr-2025 05:01:11 Europe/Berlin] PHP Fatal error:  Uncaught TypeError: json_decode(): Argument #1 ($json) must be of type string, array given in C:\Users\acer\Desktop\xampp\htdocs\repuestos-api\inventario\repuestos_i.php:238
Stack trace:
#0 C:\Users\acer\Desktop\xampp\htdocs\repuestos-api\inventario\repuestos_i.php(238): json_decode(Array, true)
#1 {main}
  thrown in C:\Users\acer\Desktop\xampp\htdocs\repuestos-api\inventario\repuestos_i.php on line 238
[17-Apr-2025 05:01:11 Europe/Berlin] PHP Fatal error:  Uncaught TypeError: json_decode(): Argument #1 ($json) must be of type string, array given in C:\Users\acer\Desktop\xampp\htdocs\repuestos-api\inventario\repuestos_i.php:238
Stack trace:
#0 C:\Users\acer\Desktop\xampp\htdocs\repuestos-api\inventario\repuestos_i.php(238): json_decode(Array, true)
#1 {main}
  thrown in C:\Users\acer\Desktop\xampp\htdocs\repuestos-api\inventario\repuestos_i.php on line 238
[17-Apr-2025 05:05:05 Europe/Berlin] PHP Fatal error:  Uncaught TypeError: json_decode(): Argument #1 ($json) must be of type string, array given in C:\Users\acer\Desktop\xampp\htdocs\repuestos-api\inventario\repuestos_i.php:235
Stack trace:
#0 C:\Users\acer\Desktop\xampp\htdocs\repuestos-api\inventario\repuestos_i.php(235): json_decode(Array, true)
#1 {main}
  thrown in C:\Users\acer\Desktop\xampp\htdocs\repuestos-api\inventario\repuestos_i.php on line 235
[17-Apr-2025 05:05:32 Europe/Berlin] PHP Fatal error:  Uncaught TypeError: json_decode(): Argument #1 ($json) must be of type string, array given in C:\Users\acer\Desktop\xampp\htdocs\repuestos-api\inventario\repuestos_i.php:235
Stack trace:
#0 C:\Users\acer\Desktop\xampp\htdocs\repuestos-api\inventario\repuestos_i.php(235): json_decode(Array, true)
#1 {main}
  thrown in C:\Users\acer\Desktop\xampp\htdocs\repuestos-api\inventario\repuestos_i.php on line 235
[17-Apr-2025 05:10:30 Europe/Berlin] PHP Fatal error:  Uncaught TypeError: json_decode(): Argument #1 ($json) must be of type string, array given in C:\Users\acer\Desktop\xampp\htdocs\repuestos-api\inventario\repuestos_i.php:235
Stack trace:
#0 C:\Users\acer\Desktop\xampp\htdocs\repuestos-api\inventario\repuestos_i.php(235): json_decode(Array, true)
#1 {main}
  thrown in C:\Users\acer\Desktop\xampp\htdocs\repuestos-api\inventario\repuestos_i.php on line 235
[17-Apr-2025 05:29:41 Europe/Berlin] PHP Fatal error:  Uncaught TypeError: json_decode(): Argument #1 ($json) must be of type string, array given in C:\Users\acer\Desktop\xampp\htdocs\repuestos-api\inventario\repuestos_i.php:240
Stack trace:
#0 C:\Users\acer\Desktop\xampp\htdocs\repuestos-api\inventario\repuestos_i.php(240): json_decode(Array, true)
#1 {main}
  thrown in C:\Users\acer\Desktop\xampp\htdocs\repuestos-api\inventario\repuestos_i.php on line 240
[17-Apr-2025 05:31:40 Europe/Berlin] PHP Fatal error:  Uncaught TypeError: json_decode(): Argument #1 ($json) must be of type string, array given in C:\Users\acer\Desktop\xampp\htdocs\repuestos-api\inventario\repuestos_i.php:240
Stack trace:
#0 C:\Users\acer\Desktop\xampp\htdocs\repuestos-api\inventario\repuestos_i.php(240): json_decode(Array, true)
#1 {main}
  thrown in C:\Users\acer\Desktop\xampp\htdocs\repuestos-api\inventario\repuestos_i.php on line 240
[19-Apr-2025 20:03:24 Europe/Berlin] Error en consulta: You have an error in your SQL syntax; check the manual that corresponds to your MariaDB server version for the right syntax to use near 'p.nombre as proveedor_nombre
                    FROM repuestos r
         ...' at line 6
[19-Apr-2025 20:03:47 Europe/Berlin] Error en consulta: You have an error in your SQL syntax; check the manual that corresponds to your MariaDB server version for the right syntax to use near 'p.nombre as proveedor_nombre
                    FROM repuestos r
         ...' at line 6[22-Apr-2025 01:04:54 Europe/Berlin] PHP Warning:  include(C:\Users\acer\Desktop\xampp\htdocs\repuestos-api\inventario/font/helveticab.php): Failed to open stream: No such file or directory in C:\Users\acer\Desktop\xampp\htdocs\repuestos-api\inventario\fpdf.php on line 1143
[22-Apr-2025 01:04:54 Europe/Berlin] PHP Warning:  include(): Failed opening 'C:\Users\acer\Desktop\xampp\htdocs\repuestos-api\inventario/font/helveticab.php' for inclusion (include_path='C:\Users\acer\Desktop\xampp\php\PEAR') in C:\Users\acer\Desktop\xampp\htdocs\repuestos-api\inventario\fpdf.php on line 1143
[22-Apr-2025 01:04:54 Europe/Berlin] PHP Fatal error:  Uncaught Exception: FPDF error: Could not include font definition file: C:\Users\acer\Desktop\xampp\htdocs\repuestos-api\inventario/font/helveticab.php in C:\Users\acer\Desktop\xampp\htdocs\repuestos-api\inventario\fpdf.php:273
Stack trace:
#0 C:\Users\acer\Desktop\xampp\htdocs\repuestos-api\inventario\fpdf.php(1145): FPDF->Error('Could not inclu...')
#1 C:\Users\acer\Desktop\xampp\htdocs\repuestos-api\inventario\fpdf.php(467): FPDF->_loadfont('C:\\Users\\acer\\D...')
#2 C:\Users\acer\Desktop\xampp\htdocs\repuestos-api\inventario\fpdf.php(516): FPDF->AddFont('helvetica', 'B')
#3 C:\Users\acer\Desktop\xampp\htdocs\repuestos-api\inventario\reportes.php(53): FPDF->SetFont('helvetica', 'B', 15)
#4 C:\Users\acer\Desktop\xampp\htdocs\repuestos-api\inventario\fpdf.php(336): PDF->Header()
#5 C:\Users\acer\Desktop\xampp\htdocs\repuestos-api\inventario\reportes.php(67): FPDF->AddPage()
#6 {main}
  thrown in C:\Users\acer\Desktop\xampp\htdocs\repuestos-api\inventario\fpdf.php on line 273
[22-Apr-2025 04:37:18 Europe/Berlin] PHP Warning:  require_once(vendor/autoload.php): Failed to open stream: No such file or directory in C:\Users\acer\Desktop\xampp\htdocs\repuestos-api\inventario\authMiddleware.php on line 2
[22-Apr-2025 04:37:18 Europe/Berlin] PHP Fatal error:  Uncaught Error: Failed opening required 'vendor/autoload.php' (include_path='C:\Users\acer\Desktop\xampp\php\PEAR') in C:\Users\acer\Desktop\xampp\htdocs\repuestos-api\inventario\authMiddleware.php:2
Stack trace:
#0 C:\Users\acer\Desktop\xampp\htdocs\repuestos-api\inventario\repuestos_i.php(16): require_once()
#1 {main}
  thrown in C:\Users\acer\Desktop\xampp\htdocs\repuestos-api\inventario\authMiddleware.php on line 2
[22-Apr-2025 04:37:18 Europe/Berlin] PHP Warning:  require_once(vendor/autoload.php): Failed to open stream: No such file or directory in C:\Users\acer\Desktop\xampp\htdocs\repuestos-api\inventario\authMiddleware.php on line 2
[22-Apr-2025 04:37:18 Europe/Berlin] PHP Fatal error:  Uncaught Error: Failed opening required 'vendor/autoload.php' (include_path='C:\Users\acer\Desktop\xampp\php\PEAR') in C:\Users\acer\Desktop\xampp\htdocs\repuestos-api\inventario\authMiddleware.php:2
Stack trace:
#0 C:\Users\acer\Desktop\xampp\htdocs\repuestos-api\inventario\repuestos_i.php(16): require_once()
#1 {main}
  thrown in C:\Users\acer\Desktop\xampp\htdocs\repuestos-api\inventario\authMiddleware.php on line 2
[22-Apr-2025 04:37:36 Europe/Berlin] PHP Warning:  require_once(vendor/autoload.php): Failed to open stream: No such file or directory in C:\Users\acer\Desktop\xampp\htdocs\repuestos-api\inventario\authMiddleware.php on line 2
[22-Apr-2025 04:37:36 Europe/Berlin] PHP Fatal error:  Uncaught Error: Failed opening required 'vendor/autoload.php' (include_path='C:\Users\acer\Desktop\xampp\php\PEAR') in C:\Users\acer\Desktop\xampp\htdocs\repuestos-api\inventario\authMiddleware.php:2
Stack trace:
#0 C:\Users\acer\Desktop\xampp\htdocs\repuestos-api\inventario\repuestos_i.php(16): require_once()
#1 {main}
  thrown in C:\Users\acer\Desktop\xampp\htdocs\repuestos-api\inventario\authMiddleware.php on line 2
[22-Apr-2025 04:37:36 Europe/Berlin] PHP Warning:  require_once(vendor/autoload.php): Failed to open stream: No such file or directory in C:\Users\acer\Desktop\xampp\htdocs\repuestos-api\inventario\authMiddleware.php on line 2
[22-Apr-2025 04:37:36 Europe/Berlin] PHP Fatal error:  Uncaught Error: Failed opening required 'vendor/autoload.php' (include_path='C:\Users\acer\Desktop\xampp\php\PEAR') in C:\Users\acer\Desktop\xampp\htdocs\repuestos-api\inventario\authMiddleware.php:2
Stack trace:
#0 C:\Users\acer\Desktop\xampp\htdocs\repuestos-api\inventario\repuestos_i.php(16): require_once()
#1 {main}
  thrown in C:\Users\acer\Desktop\xampp\htdocs\repuestos-api\inventario\authMiddleware.php on line 2
[02-May-2025 00:56:08 Europe/Berlin] ID del repuesto no proporcionado
